<?xml version="1.0" encoding="UTF-8" ?>
<testsuite errors="0" failures="0" hostname="twu-pc" name="org.matrix.ProgrammerControllerSpec" tests="1" time="1.862" timestamp="2011-09-10T12:47:03">
  <properties />
  <testcase classname="org.matrix.ProgrammerControllerSpec" name="should save programmer with Id and name" time="1.825" />
  <system-out><![CDATA[--Output from should save programmer with Id and name--
]]></system-out>
  <system-err><![CDATA[--Output from should save programmer with Id and name--
]]></system-err>
</testsuite>
