<?xml version="1.0" encoding="UTF-8" ?>
<testsuites>
  <testsuite errors="0" failures="1" hostname="twu-pc" id="0" name="AddProgrammerSpec" package="programmer" tests="2" time="2.509" timestamp="2011-09-14T08:40:35">
      <properties />

      <testcase classname="programmer.AddProgrammerSpec" name="should go to view programmers page when a programmer is added" time="1.81" />

      <testcase classname="programmer.AddProgrammerSpec" name="should not add the programmer to the table if he already exists" time="0.698">
          <failure message="Condition not satisfied:  Programmer.count() == 1            |       |            2       false " type="junit.framework.AssertionFailedError">junit.framework.AssertionFailedError: Condition not satisfied:

Programmer.count() == 1
           |       |
           2       false

	at programmer.AddProgrammerSpec.should not add the programmer to the table if he already exists(AddProgrammerSpec.groovy:36)
</failure>

      </testcase>

      <system-out><![CDATA[--Output from should go to view programmers page when a programmer is added--
--Output from should not add the programmer to the table if he already exists--
]]></system-out>

      <system-err><![CDATA[--Output from should go to view programmers page when a programmer is added--
--Output from should not add the programmer to the table if he already exists--
]]></system-err>

  </testsuite>
  <testsuite errors="1" failures="0" hostname="twu-pc" id="1" name="ViewProgrammerInfoSpec" package="programmer" tests="1" time="0.461" timestamp="2011-09-14T08:40:34">
      <properties />

      <testcase classname="programmer.ViewProgrammerInfoSpec" name="should go to show the same programmer&apos;s details on view programmers info page that is requested at view programmers page" time="0.453">
          <error message="Unable to resolve value as content for progId - SimplePageContent (owner: ViewProgrammerInfoPage, args: []), or as a property on it&apos;s Navigator context" type="geb.error.UnresolvablePropertyException">geb.error.UnresolvablePropertyException: Unable to resolve value as content for progId - SimplePageContent (owner: ViewProgrammerInfoPage, args: []), or as a property on it&apos;s Navigator context
	at geb.content.NavigableSupport.propertyMissing(NavigableSupport.groovy:132)
	at geb.content.SimplePageContent.propertyMissing(SimplePageContent.groovy)
	at geb.content.TemplateDerivedPageContent.getProperty(TemplateDerivedPageContent.groovy)
	at programmer.ViewProgrammerInfoSpec.should go to show the same programmer&apos;s details on view programmers info page that is requested at view programmers page(ViewProgrammerInfoSpec.groovy:25)
</error>

      </testcase>

      <system-out><![CDATA[--Output from should go to show the same programmer's details on view programmers info page that is requested at view programmers page--
]]></system-out>

      <system-err><![CDATA[--Output from should go to show the same programmer's details on view programmers info page that is requested at view programmers page--
]]></system-err>

  </testsuite>
  <testsuite errors="0" failures="0" hostname="twu-pc" id="2" name="ViewProgrammersSpec" package="programmer" tests="1" time="7.908" timestamp="2011-09-14T08:40:26">
      <properties />

      <testcase classname="programmer.ViewProgrammersSpec" name="should go to show programmers detail page on clicking the view programmer info button" time="7.89" />

      <system-out><![CDATA[--Output from should go to show programmers detail page on clicking the view programmer info button--
]]></system-out>

      <system-err><![CDATA[--Output from should go to show programmers detail page on clicking the view programmer info button--
]]></system-err>

  </testsuite>
  <testsuite errors="0" failures="1" hostname="twu-pc" id="3" name="PairControllerSpec" package="org.matrix" tests="1" time="0.536" timestamp="2011-09-14T08:40:15">
      <properties />

      <testcase classname="org.matrix.PairControllerSpec" name="should save pair" time="0.495">
          <failure message="Condition not satisfied:  Pair.count() == 1      |       |      0       false " type="junit.framework.AssertionFailedError">junit.framework.AssertionFailedError: Condition not satisfied:

Pair.count() == 1
     |       |
     0       false

	at org.matrix.PairControllerSpec.should save pair(PairControllerSpec.groovy:20)
</failure>

      </testcase>

      <system-out><![CDATA[--Output from should save pair--
]]></system-out>

      <system-err><![CDATA[--Output from should save pair--
]]></system-err>

  </testsuite>
  <testsuite errors="0" failures="0" hostname="twu-pc" id="4" name="ProgrammerControllerSpec" package="org.matrix" tests="2" time="0.247" timestamp="2011-09-14T08:40:15">
      <properties />

      <testcase classname="org.matrix.ProgrammerControllerSpec" name="should save programmer with Id and name" time="0.22" />

      <testcase classname="org.matrix.ProgrammerControllerSpec" name="should make the save action redirect to view programmers page" time="0.022" />

      <system-out><![CDATA[--Output from should save programmer with Id and name--
--Output from should make the save action redirect to view programmers page--
]]></system-out>

      <system-err><![CDATA[--Output from should save programmer with Id and name--
--Output from should make the save action redirect to view programmers page--
]]></system-err>

  </testsuite>
  <testsuite errors="0" failures="0" hostname="twu-pc" id="5" name="JavascriptRunnerTest" package="javascript.runner" tests="1" time="5.917" timestamp="2011-09-14T08:40:08">
      <properties />

      <testcase classname="javascript.runner.JavascriptRunnerTest" name="testJavascript" time="5.9" />

      <system-out><![CDATA[--Output from testJavascript--
]]></system-out>

      <system-err><![CDATA[--Output from testJavascript--
]]></system-err>

  </testsuite>
  <testsuite errors="0" failures="0" hostname="twu-pc" id="6" name="PairControllerTests" package="org.matrix" tests="1" time="0.68" timestamp="2011-09-14T08:40:14">
      <properties />

      <testcase classname="org.matrix.PairControllerTests" name="testSomething" time="0.674" />

      <system-out><![CDATA[--Output from testSomething--
]]></system-out>

      <system-err><![CDATA[--Output from testSomething--
]]></system-err>

  </testsuite>
  <testsuite errors="0" failures="0" hostname="twu-pc" id="7" name="PairTests" package="org.matrix" tests="1" time="0.028" timestamp="2011-09-14T08:40:14">
      <properties />

      <testcase classname="org.matrix.PairTests" name="testSomething" time="0.013" />

      <system-out><![CDATA[--Output from testSomething--
]]></system-out>

      <system-err><![CDATA[--Output from testSomething--
]]></system-err>

  </testsuite>
  <testsuite errors="0" failures="0" hostname="twu-pc" id="8" name="ProgrammerTests" package="org.matrix" tests="1" time="0.2" timestamp="2011-09-14T08:40:14">
      <properties />

      <testcase classname="org.matrix.ProgrammerTests" name="testSomething" time="0.19" />

      <system-out><![CDATA[--Output from testSomething--
]]></system-out>

      <system-err><![CDATA[--Output from testSomething--
]]></system-err>

  </testsuite>
  <testsuite errors="0" failures="0" hostname="twu-pc" id="9" name="PairMatrixTests" package="pairingmatrix" tests="1" time="0.0060" timestamp="2011-09-14T08:40:15">
      <properties />

      <testcase classname="pairingmatrix.PairMatrixTests" name="testSomething" time="0.0030" />

      <system-out><![CDATA[--Output from testSomething--
]]></system-out>

      <system-err><![CDATA[--Output from testSomething--
]]></system-err>

  </testsuite>
</testsuites>
